2019-08-12 14:39:58,882 - BrowserEngine - INFO - You had select Chrome browser.
2019-08-12 14:39:58,882 - BrowserEngine - INFO - The test server url is: https://www.baidu.com
2019-08-12 14:40:02,125 - BrowserEngine - INFO - Starting Chrome browser.
2019-08-12 14:40:02,845 - BrowserEngine - INFO - Open url: https://www.baidu.com
2019-08-12 14:40:03,990 - BrowserEngine - INFO - Maximize the current window.
2019-08-12 14:40:03,992 - BrowserEngine - INFO - Set implicitly wait 10 seconds.
2019-08-12 14:40:04,022 - BasePage - INFO - Had find the element '  ' successful by id via value: kw 
2019-08-12 14:40:04,189 - BasePage - INFO - Had type ' selenium ' in inputBox
2019-08-12 14:40:04,220 - BasePage - INFO - Had find the element '  ' successful by xpath via value: //*[@id='su'] 
2019-08-12 14:40:04,332 - BasePage - INFO - The element '  ' was clicked.
2019-08-12 14:40:06,683 - BasePage - INFO - Had take screenshot and save to folder : /screenshots
2019-08-12 14:40:06,688 - BasePage - INFO - Current page title is selenium_°Ù¶ÈËÑË÷
2019-08-12 14:40:09,057 - BrowserEngine - INFO - You had select Chrome browser.
2019-08-12 14:40:09,058 - BrowserEngine - INFO - The test server url is: https://www.baidu.com
2019-08-12 14:40:12,343 - BrowserEngine - INFO - Starting Chrome browser.
2019-08-12 14:40:12,874 - BrowserEngine - INFO - Open url: https://www.baidu.com
2019-08-12 14:40:14,018 - BrowserEngine - INFO - Maximize the current window.
2019-08-12 14:40:14,020 - BrowserEngine - INFO - Set implicitly wait 10 seconds.
2019-08-12 14:40:14,049 - BasePage - INFO - Had find the element '  ' successful by id via value: kw 
2019-08-12 14:40:14,190 - BasePage - INFO - Had type ' python ' in inputBox
2019-08-12 14:40:14,223 - BasePage - INFO - Had find the element '  ' successful by xpath via value: //*[@id='su'] 
2019-08-12 14:40:14,321 - BasePage - INFO - The element '  ' was clicked.
2019-08-12 14:40:16,623 - BasePage - INFO - Had take screenshot and save to folder : /screenshots
